<?xml version="1.0" encoding="UTF-8"?>
<!-- Generated by org.testng.reporters.JUnitReportReporter -->
<testsuite skipped="0" hostname="Manojs-MacBook-Pro.local" name="com.turbo.UI.tests.EquityLedgerTest" tests="1" failures="0" timestamp="2021-11-11T22:53:05 IST" time="22.986" errors="0">
  <testcase name="uploadPostAllocationData" time="22.986" classname="com.turbo.UI.tests.EquityLedgerTest"/>
  <system-out/>
</testsuite> <!-- com.turbo.UI.tests.EquityLedgerTest -->
